<?xml version="1.0" encoding="UTF-8"?>
<!-- Generated by org.testng.reporters.JUnitReportReporter -->
<testsuite hostname="CPU0078" name="TestCases.Login" tests="1" failures="0" timestamp="1 Mar 2016 05:21:55 GMT" time="16.937" errors="0">
  <testcase name="loginmethod" time="16.937" classname="TestCases.Login"/>
</testsuite> <!-- TestCases.Login -->
