<?xml version="1.0" encoding="UTF-8"?>
<!-- Generated by org.testng.reporters.JUnitReportReporter -->
<testsuite hostname="CPU0100" name="testCases.LoginClass" tests="1" failures="0" timestamp="10 May 2016 09:01:11 GMT" time="13.208" errors="0">
  <testcase name="checkLogin" time="13.208" classname="testCases.LoginClass"/>
</testsuite> <!-- testCases.LoginClass -->
