<?xml version="1.0" encoding="UTF-8"?>
<!-- Generated by org.testng.reporters.JUnitReportReporter -->
<testsuite hostname="CPU0100" name="testCases.Flight_Finder" tests="1" failures="0" timestamp="2 Jun 2016 10:27:05 GMT" time="95.347" errors="0">
  <testcase name="flightdetails" time="95.347" classname="testCases.Flight_Finder"/>
</testsuite> <!-- testCases.Flight_Finder -->
