<?xml version="1.0" encoding="UTF-8"?>
<!-- Generated by org.testng.reporters.JUnitReportReporter -->
<testsuite hostname="CPU0100" name="testCases.Flight_Finder" tests="1" failures="0" timestamp="23 May 2016 05:05:59 GMT" time="89.916" errors="0">
  <testcase name="flightdetails" time="89.916" classname="testCases.Flight_Finder"/>
</testsuite> <!-- testCases.Flight_Finder -->
