<?xml version="1.0" encoding="UTF-8"?>
<!-- Generated by org.testng.reporters.JUnitReportReporter -->
<testsuite hostname="CPU0100" name="testCases.LoginClass" tests="1" failures="0" timestamp="10 May 2016 07:50:35 GMT" time="10.557" errors="0">
  <testcase name="checkLogin" time="10.557" classname="testCases.LoginClass"/>
</testsuite> <!-- testCases.LoginClass -->
