<?xml version="1.0" encoding="UTF-8"?>
<!-- Generated by org.testng.reporters.JUnitReportReporter -->
<testsuite hostname="CPU0100" name="testCases.Flight_Finder" tests="1" failures="0" timestamp="10 May 2016 07:50:35 GMT" time="11.384" errors="0">
  <testcase name="flightdetails" time="11.384" classname="testCases.Flight_Finder"/>
</testsuite> <!-- testCases.Flight_Finder -->
